<?xml version="1.0" encoding="UTF-8"?>
<!-- Generated by org.testng.reporters.JUnitReportReporter -->
<testsuite hostname="DESKTOP-HGOMU4C" failures="0" tests="1" name="rough.Test001" time="5.146" errors="0" timestamp="2022-11-08T22:42:08 IST" skipped="0">
  <testcase classname="rough.Test001" name="cust" time="5.146"/>
  <system-out/>
</testsuite> <!-- rough.Test001 -->
